c:\users\小毛峰\source\repos\reportconclusion\reportconclusion\debug\reportconclusion.pch
c:\users\小毛峰\source\repos\reportconclusion\reportconclusion\debug\vc141.pdb
c:\users\小毛峰\source\repos\reportconclusion\reportconclusion\debug\vc141.idb
c:\users\小毛峰\source\repos\reportconclusion\reportconclusion\debug\pch.obj
c:\users\小毛峰\source\repos\reportconclusion\reportconclusion\debug\logger.obj
c:\users\小毛峰\source\repos\reportconclusion\reportconclusion\debug\main.obj
c:\users\小毛峰\source\repos\reportconclusion\reportconclusion\debug\reportconclusion.obj
c:\users\小毛峰\source\repos\reportconclusion\debug\reportconclusion.exe
c:\users\小毛峰\source\repos\reportconclusion\debug\reportconclusion.ilk
c:\users\小毛峰\source\repos\reportconclusion\debug\reportconclusion.pdb
c:\users\小毛峰\documents\github\reportconclusion\reportconclusion\debug\logger.obj
c:\users\小毛峰\documents\github\reportconclusion\reportconclusion\debug\main.obj
c:\users\小毛峰\documents\github\reportconclusion\reportconclusion\debug\pch.obj
c:\users\小毛峰\documents\github\reportconclusion\reportconclusion\debug\reportconclusion.obj
c:\users\小毛峰\documents\github\reportconclusion\reportconclusion\debug\reportconclusion.pch
c:\users\小毛峰\documents\github\reportconclusion\reportconclusion\debug\vc141.idb
c:\users\小毛峰\documents\github\reportconclusion\reportconclusion\debug\vc141.pdb
c:\users\小毛峰\documents\github\reportconclusion\debug\reportconclusion.pdb
c:\users\小毛峰\documents\github\reportconclusion\debug\reportconclusion.exe
c:\users\小毛峰\documents\github\reportconclusion\debug\reportconclusion.ilk
c:\users\小毛峰\documents\github\reportconclusion\reportconclusion\debug\reportconclusion.tlog\cl.command.1.tlog
c:\users\小毛峰\documents\github\reportconclusion\reportconclusion\debug\reportconclusion.tlog\cl.read.1.tlog
c:\users\小毛峰\documents\github\reportconclusion\reportconclusion\debug\reportconclusion.tlog\cl.write.1.tlog
c:\users\小毛峰\documents\github\reportconclusion\reportconclusion\debug\reportconclusion.tlog\link.command.1.tlog
c:\users\小毛峰\documents\github\reportconclusion\reportconclusion\debug\reportconclusion.tlog\link.read.1.tlog
c:\users\小毛峰\documents\github\reportconclusion\reportconclusion\debug\reportconclusion.tlog\link.write.1.tlog
